::1 - - [24/Jul/2025:18:08:58 +0000] "GET /pessoas HTTP/1.1" 500 33 "-" "insomnia/11.1.0"
::1 - - [24/Jul/2025:18:09:01 +0000] "GET /pessoas HTTP/1.1" 500 33 "-" "insomnia/11.1.0"
::1 - - [24/Jul/2025:18:12:54 +0000] "GET /pessoas HTTP/1.1" 200 41 "-" "insomnia/11.1.0"
::1 - - [24/Jul/2025:18:12:55 +0000] "GET /pessoas HTTP/1.1" 200 41 "-" "insomnia/11.1.0"
::1 - - [24/Jul/2025:18:14:11 +0000] "POST /pessoas HTTP/1.1" 201 188 "-" "insomnia/11.1.0"
::1 - - [24/Jul/2025:18:14:14 +0000] "GET /pessoas HTTP/1.1" 200 188 "-" "insomnia/11.1.0"
::1 - - [24/Jul/2025:18:15:46 +0000] "DELETE /pessoas/1 HTTP/1.1" 200 186 "-" "insomnia/11.1.0"
::1 - - [24/Jul/2025:18:16:54 +0000] "POST /pessoas HTTP/1.1" 500 71 "-" "insomnia/11.1.0"
::1 - - [24/Jul/2025:18:17:14 +0000] "POST /pessoas HTTP/1.1" 500 71 "-" "insomnia/11.1.0"
::1 - - [24/Jul/2025:18:17:15 +0000] "POST /pessoas HTTP/1.1" 500 71 "-" "insomnia/11.1.0"
::1 - - [24/Jul/2025:18:17:16 +0000] "POST /pessoas HTTP/1.1" 500 71 "-" "insomnia/11.1.0"
::1 - - [24/Jul/2025:18:17:16 +0000] "POST /pessoas HTTP/1.1" 500 71 "-" "insomnia/11.1.0"
::1 - - [24/Jul/2025:18:17:16 +0000] "POST /pessoas HTTP/1.1" 500 71 "-" "insomnia/11.1.0"
::1 - - [24/Jul/2025:18:17:16 +0000] "POST /pessoas HTTP/1.1" 500 71 "-" "insomnia/11.1.0"
::1 - - [24/Jul/2025:18:17:16 +0000] "POST /pessoas HTTP/1.1" 500 71 "-" "insomnia/11.1.0"
::1 - - [24/Jul/2025:18:17:17 +0000] "POST /pessoas HTTP/1.1" 500 71 "-" "insomnia/11.1.0"
::1 - - [24/Jul/2025:18:17:17 +0000] "POST /pessoas HTTP/1.1" 500 71 "-" "insomnia/11.1.0"
::1 - - [24/Jul/2025:18:17:17 +0000] "POST /pessoas HTTP/1.1" 500 71 "-" "insomnia/11.1.0"
::1 - - [24/Jul/2025:18:17:17 +0000] "POST /pessoas HTTP/1.1" 500 71 "-" "insomnia/11.1.0"
::1 - - [24/Jul/2025:18:17:18 +0000] "POST /pessoas HTTP/1.1" 500 71 "-" "insomnia/11.1.0"
::1 - - [24/Jul/2025:18:17:50 +0000] "POST /pessoas HTTP/1.1" 500 71 "-" "insomnia/11.1.0"
::1 - - [24/Jul/2025:18:17:51 +0000] "POST /pessoas HTTP/1.1" 500 71 "-" "insomnia/11.1.0"
::1 - - [24/Jul/2025:18:18:25 +0000] "POST /pessoas HTTP/1.1" 201 218 "-" "insomnia/11.1.0"
::1 - - [24/Jul/2025:18:18:30 +0000] "POST /pessoas HTTP/1.1" 201 218 "-" "insomnia/11.1.0"
::1 - - [24/Jul/2025:18:18:33 +0000] "GET /pessoas HTTP/1.1" 200 396 "-" "insomnia/11.1.0"
::1 - - [24/Jul/2025:18:18:38 +0000] "DELETE /pessoas/2 HTTP/1.1" 200 216 "-" "insomnia/11.1.0"
::1 - - [24/Jul/2025:18:18:42 +0000] "DELETE /pessoas/3 HTTP/1.1" 200 216 "-" "insomnia/11.1.0"
::1 - - [24/Jul/2025:18:19:25 +0000] "GET /pessoas HTTP/1.1" 200 41 "-" "insomnia/11.1.0"
::1 - - [24/Jul/2025:18:19:26 +0000] "GET /pessoas HTTP/1.1" 200 41 "-" "insomnia/11.1.0"
::1 - - [24/Jul/2025:18:19:28 +0000] "POST /pessoas HTTP/1.1" 201 218 "-" "insomnia/11.1.0"
::1 - - [24/Jul/2025:18:19:30 +0000] "GET /pessoas HTTP/1.1" 200 218 "-" "insomnia/11.1.0"
::1 - - [24/Jul/2025:18:20:01 +0000] "POST /pessoas HTTP/1.1" 201 212 "-" "insomnia/11.1.0"
::1 - - [24/Jul/2025:18:20:28 +0000] "POST /pessoas HTTP/1.1" 201 212 "-" "insomnia/11.1.0"
::1 - - [24/Jul/2025:18:20:34 +0000] "GET /pessoas HTTP/1.1" 200 562 "-" "insomnia/11.1.0"
::1 - - [24/Jul/2025:18:21:41 +0000] "PATCH /pessoas/2 HTTP/1.1" 201 215 "-" "insomnia/11.1.0"
::1 - - [24/Jul/2025:18:21:44 +0000] "GET /pessoas HTTP/1.1" 200 561 "-" "insomnia/11.1.0"
::1 - - [24/Jul/2025:18:22:54 +0000] "POST /pessoas HTTP/1.1" 201 206 "-" "insomnia/11.1.0"
::1 - - [24/Jul/2025:18:22:56 +0000] "GET /pessoas HTTP/1.1" 200 727 "-" "insomnia/11.1.0"
::1 - - [24/Jul/2025:18:23:28 +0000] "GET /pessoas HTTP/1.1" 200 727 "-" "Mozilla/5.0 (Windows NT 10.0; Win64; x64; rv:141.0) Gecko/20100101 Firefox/141.0"
::1 - - [24/Jul/2025:18:23:30 +0000] "GET /favicon.ico HTTP/1.1" 404 29 "http://localhost:3000/pessoas" "Mozilla/5.0 (Windows NT 10.0; Win64; x64; rv:141.0) Gecko/20100101 Firefox/141.0"
::1 - - [24/Jul/2025:18:59:59 +0000] "GET /pessoas HTTP/1.1" 200 727 "-" "insomnia/11.1.0"
::1 - - [24/Jul/2025:19:07:48 +0000] "PATCH /instrumento HTTP/1.1" 404 29 "-" "insomnia/11.1.0"
::1 - - [24/Jul/2025:19:09:12 +0000] "PATCH /instrumento HTTP/1.1" 404 29 "-" "insomnia/11.1.0"
::1 - - [24/Jul/2025:19:09:13 +0000] "PATCH /instrumento HTTP/1.1" 404 29 "-" "insomnia/11.1.0"
::1 - - [24/Jul/2025:19:09:19 +0000] "PATCH /instrumento HTTP/1.1" 404 29 "-" "insomnia/11.1.0"
::1 - - [24/Jul/2025:19:09:22 +0000] "PATCH /instrumentos HTTP/1.1" 404 29 "-" "insomnia/11.1.0"
::1 - - [24/Jul/2025:19:09:35 +0000] "GET /instrumentos HTTP/1.1" 200 41 "-" "insomnia/11.1.0"
::1 - - [24/Jul/2025:19:09:56 +0000] "POST /instrumentos HTTP/1.1" 201 146 "-" "insomnia/11.1.0"
::1 - - [24/Jul/2025:19:10:01 +0000] "POST /instrumentos HTTP/1.1" 201 144 "-" "insomnia/11.1.0"
::1 - - [24/Jul/2025:19:10:05 +0000] "POST /instrumentos HTTP/1.1" 201 147 "-" "insomnia/11.1.0"
::1 - - [24/Jul/2025:19:10:11 +0000] "POST /instrumentos HTTP/1.1" 201 146 "-" "insomnia/11.1.0"
::1 - - [24/Jul/2025:19:10:16 +0000] "POST /instrumentos HTTP/1.1" 201 146 "-" "insomnia/11.1.0"
::1 - - [24/Jul/2025:19:10:19 +0000] "GET /instrumentos HTTP/1.1" 200 569 "-" "insomnia/11.1.0"
::1 - - [24/Jul/2025:19:16:37 +0000] "GET /musicas HTTP/1.1" 200 41 "-" "insomnia/11.1.0"
::1 - - [24/Jul/2025:19:18:41 +0000] "POST /musicas HTTP/1.1" 201 270 "-" "insomnia/11.1.0"
::1 - - [24/Jul/2025:19:18:45 +0000] "GET /musicas HTTP/1.1" 200 270 "-" "insomnia/11.1.0"
::1 - - [24/Jul/2025:19:19:14 +0000] "PATCH /musicas/1 HTTP/1.1" 201 274 "-" "insomnia/11.1.0"
::1 - - [24/Jul/2025:19:19:19 +0000] "GET /musicas HTTP/1.1" 200 270 "-" "insomnia/11.1.0"
::1 - - [24/Jul/2025:19:19:20 +0000] "GET /musicas HTTP/1.1" 200 270 "-" "insomnia/11.1.0"
::1 - - [24/Jul/2025:19:19:20 +0000] "GET /musicas HTTP/1.1" 200 270 "-" "insomnia/11.1.0"
::1 - - [24/Jul/2025:19:19:21 +0000] "GET /musicas HTTP/1.1" 200 270 "-" "insomnia/11.1.0"
::1 - - [24/Jul/2025:19:19:31 +0000] "PATCH /musicas/1 HTTP/1.1" 201 288 "-" "insomnia/11.1.0"
::1 - - [24/Jul/2025:19:19:39 +0000] "GET /musicas HTTP/1.1" 200 284 "-" "insomnia/11.1.0"
::1 - - [24/Jul/2025:19:27:26 +0000] "GET /instrumentos HTTP/1.1" 200 569 "-" "Mozilla/5.0 (Windows NT 10.0; Win64; x64; rv:141.0) Gecko/20100101 Firefox/141.0"
::1 - - [24/Jul/2025:19:27:28 +0000] "GET /favicon.ico HTTP/1.1" 404 29 "http://localhost:3000/instrumentos" "Mozilla/5.0 (Windows NT 10.0; Win64; x64; rv:141.0) Gecko/20100101 Firefox/141.0"
::1 - - [24/Jul/2025:19:27:29 +0000] "GET /musicas HTTP/1.1" 200 284 "-" "Mozilla/5.0 (Windows NT 10.0; Win64; x64; rv:141.0) Gecko/20100101 Firefox/141.0"
::1 - - [24/Jul/2025:19:27:29 +0000] "GET /favicon.ico HTTP/1.1" 404 29 "http://localhost:3000/musicas" "Mozilla/5.0 (Windows NT 10.0; Win64; x64; rv:141.0) Gecko/20100101 Firefox/141.0"
::1 - - [24/Jul/2025:19:36:17 +0000] "GET /escalas HTTP/1.1" 200 41 "-" "insomnia/11.1.0"
::1 - - [24/Jul/2025:19:39:32 +0000] "POST /escalas HTTP/1.1" 201 254 "-" "insomnia/11.1.0"
::1 - - [24/Jul/2025:19:39:35 +0000] "GET /escalas HTTP/1.1" 200 254 "-" "insomnia/11.1.0"
::1 - - [24/Jul/2025:19:39:59 +0000] "PATCH /escalas/1 HTTP/1.1" 201 261 "-" "insomnia/11.1.0"
::1 - - [24/Jul/2025:19:40:01 +0000] "GET /escalas HTTP/1.1" 200 257 "-" "insomnia/11.1.0"
::1 - - [24/Jul/2025:19:40:34 +0000] "PATCH /escalas/1 HTTP/1.1" 201 261 "-" "insomnia/11.1.0"
::1 - - [24/Jul/2025:19:40:38 +0000] "GET /escalas HTTP/1.1" 200 257 "-" "insomnia/11.1.0"
::1 - - [24/Jul/2025:20:03:08 +0000] "GET /escala-musicas HTTP/1.1" 200 41 "-" "insomnia/11.1.0"
::1 - - [24/Jul/2025:20:03:35 +0000] "POST /escala-musicas HTTP/1.1" 201 155 "-" "insomnia/11.1.0"
::1 - - [24/Jul/2025:20:03:37 +0000] "GET /escala-musicas HTTP/1.1" 200 634 "-" "insomnia/11.1.0"
::1 - - [24/Jul/2025:20:09:52 +0000] "POST /escala-pessoas HTTP/1.1" 201 192 "-" "insomnia/11.1.0"
::1 - - [24/Jul/2025:20:09:54 +0000] "GET /escala-pessoas HTTP/1.1" 200 726 "-" "insomnia/11.1.0"
